<?xml version="1.0" encoding="UTF-8"?>
<testsuite name="TestRunner.TestRunner" time="16.515" tests="2" errors="0" skipped="0" failures="2">
  <properties>
[...]
</properties>
  <testcase name="Verify flight booking for users #1" classname="This feature will validate flight booking functionality" time="9.714">
    <failure message="Msg is valid" type="java.lang.AssertionError">java.lang.AssertionError: Msg is valid
	at org.junit.Assert.fail(Assert.java:88)
	at org.junit.Assert.assertTrue(Assert.java:41)
	at com.test.stepDefinitions.FlightStepDefs.userValidatesPurchaseDetails(FlightStepDefs.java:138)
	at ✽.user validates purchase details(file:///C:/Users/Bhumika/Automation/AutomationFramwork-Selenium/src/test/resources/features/Flight.feature:11)
</failure>
    <system-out><![CDATA[
@test
Scenario Outline: Verify flight booking for users    # src/test/resources/features/Flight.feature:14
  Given User navigates to flight booking application # com.test.stepDefinitions.FlightStepDefs.user_navigates_to_flight_booking_application()
  When user selects "Paris" and "Rome" city          # com.test.stepDefinitions.FlightStepDefs.userFromAndToCity(java.lang.String,java.lang.String)
  And click on Find Flights button                   # com.test.stepDefinitions.FlightStepDefs.clickOnFindFlightsButton()
  And user choose flight to reserve ticket           # com.test.stepDefinitions.FlightStepDefs.userChooseFlightToReserveTicket()
  And user enters all passenger details              # com.test.stepDefinitions.FlightStepDefs.userEntersAllPassengerDetailsAndClicksOnPurchaseFlightButton()
  And clicks on Purchase Flight button               # com.test.stepDefinitions.FlightStepDefs.clicksOnPurchaseFlightButton()
  Then user validates purchase details               # com.test.stepDefinitions.FlightStepDefs.userValidatesPurchaseDetails()
      java.lang.AssertionError: Msg is valid
	at org.junit.Assert.fail(Assert.java:88)
	at org.junit.Assert.assertTrue(Assert.java:41)
	at com.test.stepDefinitions.FlightStepDefs.userValidatesPurchaseDetails(FlightStepDefs.java:138)
	at âœ½.user validates purchase details(file:///C:/Users/Bhumika/Automation/AutomationFramwork-Selenium/src/test/resources/features/Flight.feature:11)


    Embedding image [image/png 48763 bytes]

]]></system-out>
    <system-err><![CDATA[Jul 02, 2021 1:06:20 AM com.test.Pages.BaseFlight <init>
INFO: properties loaded
Jul 02, 2021 1:06:20 AM com.test.Pages.BaseFlight <init>
INFO: properties loaded
Jul 02, 2021 1:06:20 AM com.test.Pages.BaseFlight <init>
INFO: properties loaded
Jul 02, 2021 1:06:20 AM com.test.Pages.BaseFlight <init>
INFO: properties loaded
Jul 02, 2021 1:06:20 AM com.test.Pages.BaseFlight <init>
INFO: properties loaded
Jul 02, 2021 1:06:20 AM com.test.Pages.BaseFlight <init>
INFO: properties loaded
Starting ChromeDriver 91.0.4472.101 (af52a90bf87030dd1523486a1cd3ae25c5d76c9b-refs/branch-heads/4472@{#1462}) on port 45681
Only local connections are allowed.
Please see https://chromedriver.chromium.org/security-considerations for suggestions on keeping ChromeDriver safe.
ChromeDriver was started successfully.
Jul 02, 2021 1:06:23 AM org.openqa.selenium.remote.ProtocolHandshake createSession
INFO: Detected dialect: W3C
Jul 02, 2021 1:06:23 AM com.test.utils.BrowserFactory getBrowserDriver
INFO: chrome browser opened
Jul 02, 2021 1:06:25 AM com.test.Pages.BaseFlight <init>
INFO: properties loaded
Jul 02, 2021 1:06:25 AM com.test.Pages.BaseFlight <init>
INFO: properties loaded
Jul 02, 2021 1:06:25 AM com.test.Pages.BaseFlight <init>
INFO: properties loaded
Jul 02, 2021 1:06:25 AM com.test.Pages.BaseFlight <init>
INFO: properties loaded
Jul 02, 2021 1:06:25 AM com.test.Pages.BaseFlight <init>
INFO: properties loaded
Jul 02, 2021 1:06:25 AM com.test.Pages.BaseFlight <init>
INFO: properties loaded
Jul 02, 2021 1:06:25 AM com.test.Pages.BaseFlight <init>
INFO: properties loaded
Jul 02, 2021 1:06:25 AM com.test.Pages.BaseFlight <init>
INFO: properties loaded
Jul 02, 2021 1:06:25 AM com.test.Pages.BaseFlight <init>
INFO: properties loaded
Jul 02, 2021 1:06:25 AM com.test.Pages.BaseFlight <init>
INFO: properties loaded
Jul 02, 2021 1:06:25 AM com.test.Pages.BaseFlight <init>
INFO: properties loaded
Jul 02, 2021 1:06:25 AM com.test.Pages.BaseFlight <init>
INFO: properties loaded
Jul 02, 2021 1:06:25 AM com.test.Pages.BaseFlight <init>
INFO: properties loaded
Jul 02, 2021 1:06:25 AM com.test.Pages.BaseFlight <init>
INFO: properties loaded
Jul 02, 2021 1:06:25 AM com.test.Pages.BaseFlight <init>
INFO: properties loaded
Jul 02, 2021 1:06:25 AM com.test.Pages.BaseFlight <init>
INFO: properties loaded
Jul 02, 2021 1:06:25 AM com.test.Pages.BaseFlight <init>
INFO: properties loaded
Jul 02, 2021 1:06:25 AM com.test.Pages.BaseFlight <init>
INFO: properties loaded
Jul 02, 2021 1:06:25 AM com.test.Pages.BaseFlight <init>
INFO: properties loaded
Jul 02, 2021 1:06:25 AM com.test.Pages.BaseFlight <init>
INFO: properties loaded
Jul 02, 2021 1:06:25 AM com.test.Pages.BaseFlight <init>
INFO: properties loaded
Jul 02, 2021 1:06:25 AM com.test.Pages.BaseFlight <init>
INFO: properties loaded
Jul 02, 2021 1:06:25 AM com.test.Pages.BaseFlight <init>
INFO: properties loaded
Jul 02, 2021 1:06:25 AM com.test.Pages.BaseFlight <init>
INFO: properties loaded
Jul 02, 2021 1:06:25 AM com.test.Pages.BaseFlight <init>
INFO: properties loaded
Jul 02, 2021 1:06:25 AM com.test.Pages.BaseFlight <init>
INFO: properties loaded
Jul 02, 2021 1:06:25 AM com.test.Pages.BaseFlight <init>
INFO: properties loaded
Jul 02, 2021 1:06:25 AM com.test.Pages.BaseFlight <init>
INFO: properties loaded
Jul 02, 2021 1:06:25 AM com.test.Pages.BaseFlight <init>
INFO: properties loaded
Jul 02, 2021 1:06:25 AM com.test.Pages.BaseFlight <init>
INFO: properties loaded
Jul 02, 2021 1:06:26 AM com.test.Pages.BaseFlight <init>
INFO: properties loaded
Jul 02, 2021 1:06:26 AM com.test.Pages.BaseFlight <init>
INFO: properties loaded
Jul 02, 2021 1:06:26 AM com.test.Pages.BaseFlight <init>
INFO: properties loaded
Jul 02, 2021 1:06:26 AM com.test.Pages.BaseFlight <init>
INFO: properties loaded
Jul 02, 2021 1:06:26 AM com.test.Pages.BaseFlight <init>
INFO: properties loaded
Jul 02, 2021 1:06:26 AM com.test.Pages.BaseFlight <init>
INFO: properties loaded
Jul 02, 2021 1:06:26 AM com.test.Pages.BaseFlight <init>
INFO: properties loaded
Jul 02, 2021 1:06:26 AM com.test.Pages.BaseFlight <init>
INFO: properties loaded
Jul 02, 2021 1:06:26 AM com.test.Pages.BaseFlight <init>
INFO: properties loaded
Jul 02, 2021 1:06:26 AM com.test.Pages.BaseFlight <init>
INFO: properties loaded
Jul 02, 2021 1:06:26 AM com.test.Pages.BaseFlight <init>
INFO: properties loaded
Jul 02, 2021 1:06:26 AM com.test.Pages.BaseFlight <init>
INFO: properties loaded
Jul 02, 2021 1:06:26 AM com.test.Pages.BaseFlight <init>
INFO: properties loaded
Jul 02, 2021 1:06:26 AM com.test.Pages.BaseFlight <init>
INFO: properties loaded
Jul 02, 2021 1:06:26 AM com.test.Pages.BaseFlight <init>
INFO: properties loaded
Jul 02, 2021 1:06:26 AM com.test.Pages.BaseFlight <init>
INFO: properties loaded
Jul 02, 2021 1:06:26 AM com.test.Pages.BaseFlight <init>
INFO: properties loaded
Jul 02, 2021 1:06:26 AM com.test.Pages.BaseFlight <init>
INFO: properties loaded
Jul 02, 2021 1:06:26 AM com.test.Pages.BaseFlight <init>
INFO: properties loaded
Jul 02, 2021 1:06:26 AM com.test.Pages.BaseFlight <init>
INFO: properties loaded
Jul 02, 2021 1:06:26 AM com.test.Pages.BaseFlight <init>
INFO: properties loaded
Jul 02, 2021 1:06:26 AM com.test.Pages.BaseFlight <init>
INFO: properties loaded
Jul 02, 2021 1:06:26 AM com.test.Pages.BaseFlight <init>
INFO: properties loaded
Jul 02, 2021 1:06:26 AM com.test.Pages.BaseFlight <init>
INFO: properties loaded
Jul 02, 2021 1:06:27 AM com.test.Pages.BaseFlight <init>
INFO: properties loaded
Jul 02, 2021 1:06:27 AM com.test.Pages.BaseFlight <init>
INFO: properties loaded
Jul 02, 2021 1:06:27 AM com.test.Pages.BaseFlight <init>
INFO: properties loaded
Jul 02, 2021 1:06:27 AM com.test.Pages.BaseFlight <init>
INFO: properties loaded
Jul 02, 2021 1:06:27 AM com.test.Pages.BaseFlight <init>
INFO: properties loaded
Jul 02, 2021 1:06:27 AM com.test.Pages.BaseFlight <init>
INFO: properties loaded
Jul 02, 2021 1:06:27 AM com.test.Pages.BaseFlight <init>
INFO: properties loaded
Jul 02, 2021 1:06:27 AM com.test.Pages.BaseFlight <init>
INFO: properties loaded
Jul 02, 2021 1:06:27 AM com.test.Pages.BaseFlight <init>
INFO: properties loaded
Jul 02, 2021 1:06:27 AM com.test.Pages.BaseFlight <init>
INFO: properties loaded
Jul 02, 2021 1:06:27 AM com.test.Pages.BaseFlight <init>
INFO: properties loaded
Jul 02, 2021 1:06:27 AM com.test.Pages.BaseFlight <init>
INFO: properties loaded
Jul 02, 2021 1:06:28 AM com.test.Pages.BaseFlight <init>
INFO: properties loaded
Jul 02, 2021 1:06:28 AM com.test.Pages.BaseFlight <init>
INFO: properties loaded
Jul 02, 2021 1:06:28 AM com.test.Pages.BaseFlight <init>
INFO: properties loaded
Jul 02, 2021 1:06:28 AM com.test.Pages.BaseFlight <init>
INFO: properties loaded
Jul 02, 2021 1:06:28 AM com.test.Pages.BaseFlight <init>
INFO: properties loaded
Jul 02, 2021 1:06:28 AM com.test.Pages.BaseFlight <init>
INFO: properties loaded
Jul 02, 2021 1:06:28 AM com.test.Pages.BaseFlight <init>
INFO: properties loaded
Jul 02, 2021 1:06:28 AM com.test.Pages.BaseFlight <init>
INFO: properties loaded
Jul 02, 2021 1:06:28 AM com.test.Pages.BaseFlight <init>
INFO: properties loaded
Jul 02, 2021 1:06:28 AM com.test.Pages.BaseFlight <init>
INFO: properties loaded
Jul 02, 2021 1:06:28 AM com.test.Pages.BaseFlight <init>
INFO: properties loaded
Jul 02, 2021 1:06:28 AM com.test.Pages.BaseFlight <init>
INFO: properties loaded
Jul 02, 2021 1:06:28 AM com.test.Pages.BaseFlight <init>
INFO: properties loaded
Jul 02, 2021 1:06:28 AM com.test.Pages.BaseFlight <init>
INFO: properties loaded
Jul 02, 2021 1:06:28 AM com.test.Pages.BaseFlight <init>
INFO: properties loaded
Jul 02, 2021 1:06:28 AM com.test.Pages.BaseFlight <init>
INFO: properties loaded
Jul 02, 2021 1:06:28 AM com.test.Pages.BaseFlight <init>
INFO: properties loaded
Jul 02, 2021 1:06:28 AM com.test.Pages.BaseFlight <init>
INFO: properties loaded
Jul 02, 2021 1:06:28 AM com.test.Pages.BaseFlight <init>
INFO: properties loaded
Jul 02, 2021 1:06:28 AM com.test.Pages.BaseFlight <init>
INFO: properties loaded
Jul 02, 2021 1:06:28 AM com.test.Pages.BaseFlight <init>
INFO: properties loaded
Jul 02, 2021 1:06:28 AM com.test.Pages.BaseFlight <init>
INFO: properties loaded
Jul 02, 2021 1:06:28 AM com.test.Pages.BaseFlight <init>
INFO: properties loaded
Jul 02, 2021 1:06:28 AM com.test.Pages.BaseFlight <init>
INFO: properties loaded
]]></system-err>
  </testcase>
  <testcase name="Verify flight booking for users #2" classname="This feature will validate flight booking functionality" time="6.801">
    <failure message="Msg is valid" type="java.lang.AssertionError">java.lang.AssertionError: Msg is valid
	at org.junit.Assert.fail(Assert.java:88)
	at org.junit.Assert.assertTrue(Assert.java:41)
	at com.test.stepDefinitions.FlightStepDefs.userValidatesPurchaseDetails(FlightStepDefs.java:138)
	at ✽.user validates purchase details(file:///C:/Users/Bhumika/Automation/AutomationFramwork-Selenium/src/test/resources/features/Flight.feature:11)
</failure>
    <system-out><![CDATA[
@test
Scenario Outline: Verify flight booking for users    # src/test/resources/features/Flight.feature:15
  Given User navigates to flight booking application # com.test.stepDefinitions.FlightStepDefs.user_navigates_to_flight_booking_application()
  When user selects "Boston" and "Berlin" city       # com.test.stepDefinitions.FlightStepDefs.userFromAndToCity(java.lang.String,java.lang.String)
  And click on Find Flights button                   # com.test.stepDefinitions.FlightStepDefs.clickOnFindFlightsButton()
  And user choose flight to reserve ticket           # com.test.stepDefinitions.FlightStepDefs.userChooseFlightToReserveTicket()
  And user enters all passenger details              # com.test.stepDefinitions.FlightStepDefs.userEntersAllPassengerDetailsAndClicksOnPurchaseFlightButton()
  And clicks on Purchase Flight button               # com.test.stepDefinitions.FlightStepDefs.clicksOnPurchaseFlightButton()
  Then user validates purchase details               # com.test.stepDefinitions.FlightStepDefs.userValidatesPurchaseDetails()
      java.lang.AssertionError: Msg is valid
	at org.junit.Assert.fail(Assert.java:88)
	at org.junit.Assert.assertTrue(Assert.java:41)
	at com.test.stepDefinitions.FlightStepDefs.userValidatesPurchaseDetails(FlightStepDefs.java:138)
	at âœ½.user validates purchase details(file:///C:/Users/Bhumika/Automation/AutomationFramwork-Selenium/src/test/resources/features/Flight.feature:11)


    Embedding image [image/png 48574 bytes]

]]></system-out>
    <system-err><![CDATA[Jul 02, 2021 1:06:29 AM com.test.Pages.BaseFlight <init>
INFO: properties loaded
Jul 02, 2021 1:06:29 AM com.test.Pages.BaseFlight <init>
INFO: properties loaded
Jul 02, 2021 1:06:29 AM com.test.Pages.BaseFlight <init>
INFO: properties loaded
Jul 02, 2021 1:06:29 AM com.test.Pages.BaseFlight <init>
INFO: properties loaded
Jul 02, 2021 1:06:29 AM com.test.Pages.BaseFlight <init>
INFO: properties loaded
Jul 02, 2021 1:06:29 AM com.test.Pages.BaseFlight <init>
INFO: properties loaded
Starting ChromeDriver 91.0.4472.101 (af52a90bf87030dd1523486a1cd3ae25c5d76c9b-refs/branch-heads/4472@{#1462}) on port 36414
Only local connections are allowed.
Please see https://chromedriver.chromium.org/security-considerations for suggestions on keeping ChromeDriver safe.
ChromeDriver was started successfully.
Jul 02, 2021 1:06:31 AM org.openqa.selenium.remote.ProtocolHandshake createSession
INFO: Detected dialect: W3C
Jul 02, 2021 1:06:31 AM com.test.utils.BrowserFactory getBrowserDriver
INFO: chrome browser opened
Jul 02, 2021 1:06:32 AM com.test.Pages.BaseFlight <init>
INFO: properties loaded
Jul 02, 2021 1:06:32 AM com.test.Pages.BaseFlight <init>
INFO: properties loaded
Jul 02, 2021 1:06:32 AM com.test.Pages.BaseFlight <init>
INFO: properties loaded
Jul 02, 2021 1:06:32 AM com.test.Pages.BaseFlight <init>
INFO: properties loaded
Jul 02, 2021 1:06:32 AM com.test.Pages.BaseFlight <init>
INFO: properties loaded
Jul 02, 2021 1:06:32 AM com.test.Pages.BaseFlight <init>
INFO: properties loaded
Jul 02, 2021 1:06:32 AM com.test.Pages.BaseFlight <init>
INFO: properties loaded
Jul 02, 2021 1:06:32 AM com.test.Pages.BaseFlight <init>
INFO: properties loaded
Jul 02, 2021 1:06:32 AM com.test.Pages.BaseFlight <init>
INFO: properties loaded
Jul 02, 2021 1:06:32 AM com.test.Pages.BaseFlight <init>
INFO: properties loaded
Jul 02, 2021 1:06:32 AM com.test.Pages.BaseFlight <init>
INFO: properties loaded
Jul 02, 2021 1:06:32 AM com.test.Pages.BaseFlight <init>
INFO: properties loaded
Jul 02, 2021 1:06:32 AM com.test.Pages.BaseFlight <init>
INFO: properties loaded
Jul 02, 2021 1:06:32 AM com.test.Pages.BaseFlight <init>
INFO: properties loaded
Jul 02, 2021 1:06:32 AM com.test.Pages.BaseFlight <init>
INFO: properties loaded
Jul 02, 2021 1:06:32 AM com.test.Pages.BaseFlight <init>
INFO: properties loaded
Jul 02, 2021 1:06:32 AM com.test.Pages.BaseFlight <init>
INFO: properties loaded
Jul 02, 2021 1:06:32 AM com.test.Pages.BaseFlight <init>
INFO: properties loaded
Jul 02, 2021 1:06:33 AM com.test.Pages.BaseFlight <init>
INFO: properties loaded
Jul 02, 2021 1:06:33 AM com.test.Pages.BaseFlight <init>
INFO: properties loaded
Jul 02, 2021 1:06:33 AM com.test.Pages.BaseFlight <init>
INFO: properties loaded
Jul 02, 2021 1:06:33 AM com.test.Pages.BaseFlight <init>
INFO: properties loaded
Jul 02, 2021 1:06:33 AM com.test.Pages.BaseFlight <init>
INFO: properties loaded
Jul 02, 2021 1:06:33 AM com.test.Pages.BaseFlight <init>
INFO: properties loaded
Jul 02, 2021 1:06:33 AM com.test.Pages.BaseFlight <init>
INFO: properties loaded
Jul 02, 2021 1:06:33 AM com.test.Pages.BaseFlight <init>
INFO: properties loaded
Jul 02, 2021 1:06:33 AM com.test.Pages.BaseFlight <init>
INFO: properties loaded
Jul 02, 2021 1:06:33 AM com.test.Pages.BaseFlight <init>
INFO: properties loaded
Jul 02, 2021 1:06:33 AM com.test.Pages.BaseFlight <init>
INFO: properties loaded
Jul 02, 2021 1:06:33 AM com.test.Pages.BaseFlight <init>
INFO: properties loaded
Jul 02, 2021 1:06:33 AM com.test.Pages.BaseFlight <init>
INFO: properties loaded
Jul 02, 2021 1:06:33 AM com.test.Pages.BaseFlight <init>
INFO: properties loaded
Jul 02, 2021 1:06:33 AM com.test.Pages.BaseFlight <init>
INFO: properties loaded
Jul 02, 2021 1:06:33 AM com.test.Pages.BaseFlight <init>
INFO: properties loaded
Jul 02, 2021 1:06:33 AM com.test.Pages.BaseFlight <init>
INFO: properties loaded
Jul 02, 2021 1:06:33 AM com.test.Pages.BaseFlight <init>
INFO: properties loaded
Jul 02, 2021 1:06:33 AM com.test.Pages.BaseFlight <init>
INFO: properties loaded
Jul 02, 2021 1:06:33 AM com.test.Pages.BaseFlight <init>
INFO: properties loaded
Jul 02, 2021 1:06:33 AM com.test.Pages.BaseFlight <init>
INFO: properties loaded
Jul 02, 2021 1:06:33 AM com.test.Pages.BaseFlight <init>
INFO: properties loaded
Jul 02, 2021 1:06:33 AM com.test.Pages.BaseFlight <init>
INFO: properties loaded
Jul 02, 2021 1:06:33 AM com.test.Pages.BaseFlight <init>
INFO: properties loaded
Jul 02, 2021 1:06:34 AM com.test.Pages.BaseFlight <init>
INFO: properties loaded
Jul 02, 2021 1:06:34 AM com.test.Pages.BaseFlight <init>
INFO: properties loaded
Jul 02, 2021 1:06:34 AM com.test.Pages.BaseFlight <init>
INFO: properties loaded
Jul 02, 2021 1:06:34 AM com.test.Pages.BaseFlight <init>
INFO: properties loaded
Jul 02, 2021 1:06:34 AM com.test.Pages.BaseFlight <init>
INFO: properties loaded
Jul 02, 2021 1:06:34 AM com.test.Pages.BaseFlight <init>
INFO: properties loaded
Jul 02, 2021 1:06:34 AM com.test.Pages.BaseFlight <init>
INFO: properties loaded
Jul 02, 2021 1:06:34 AM com.test.Pages.BaseFlight <init>
INFO: properties loaded
Jul 02, 2021 1:06:34 AM com.test.Pages.BaseFlight <init>
INFO: properties loaded
Jul 02, 2021 1:06:34 AM com.test.Pages.BaseFlight <init>
INFO: properties loaded
Jul 02, 2021 1:06:34 AM com.test.Pages.BaseFlight <init>
INFO: properties loaded
Jul 02, 2021 1:06:34 AM com.test.Pages.BaseFlight <init>
INFO: properties loaded
Jul 02, 2021 1:06:35 AM com.test.Pages.BaseFlight <init>
INFO: properties loaded
Jul 02, 2021 1:06:35 AM com.test.Pages.BaseFlight <init>
INFO: properties loaded
Jul 02, 2021 1:06:35 AM com.test.Pages.BaseFlight <init>
INFO: properties loaded
Jul 02, 2021 1:06:35 AM com.test.Pages.BaseFlight <init>
INFO: properties loaded
Jul 02, 2021 1:06:35 AM com.test.Pages.BaseFlight <init>
INFO: properties loaded
Jul 02, 2021 1:06:35 AM com.test.Pages.BaseFlight <init>
INFO: properties loaded
Jul 02, 2021 1:06:35 AM com.test.Pages.BaseFlight <init>
INFO: properties loaded
Jul 02, 2021 1:06:35 AM com.test.Pages.BaseFlight <init>
INFO: properties loaded
Jul 02, 2021 1:06:35 AM com.test.Pages.BaseFlight <init>
INFO: properties loaded
Jul 02, 2021 1:06:35 AM com.test.Pages.BaseFlight <init>
INFO: properties loaded
Jul 02, 2021 1:06:35 AM com.test.Pages.BaseFlight <init>
INFO: properties loaded
Jul 02, 2021 1:06:35 AM com.test.Pages.BaseFlight <init>
INFO: properties loaded
Jul 02, 2021 1:06:35 AM com.test.Pages.BaseFlight <init>
INFO: properties loaded
Jul 02, 2021 1:06:35 AM com.test.Pages.BaseFlight <init>
INFO: properties loaded
Jul 02, 2021 1:06:35 AM com.test.Pages.BaseFlight <init>
INFO: properties loaded
Jul 02, 2021 1:06:35 AM com.test.Pages.BaseFlight <init>
INFO: properties loaded
Jul 02, 2021 1:06:35 AM com.test.Pages.BaseFlight <init>
INFO: properties loaded
Jul 02, 2021 1:06:35 AM com.test.Pages.BaseFlight <init>
INFO: properties loaded
Jul 02, 2021 1:06:35 AM com.test.Pages.BaseFlight <init>
INFO: properties loaded
Jul 02, 2021 1:06:35 AM com.test.Pages.BaseFlight <init>
INFO: properties loaded
Jul 02, 2021 1:06:35 AM com.test.Pages.BaseFlight <init>
INFO: properties loaded
Jul 02, 2021 1:06:35 AM com.test.Pages.BaseFlight <init>
INFO: properties loaded
Jul 02, 2021 1:06:35 AM com.test.Pages.BaseFlight <init>
INFO: properties loaded
Jul 02, 2021 1:06:35 AM com.test.Pages.BaseFlight <init>
INFO: properties loaded
Jul 02, 2021 1:06:35 AM com.test.Pages.BaseFlight <init>
INFO: properties loaded
Jul 02, 2021 1:06:35 AM com.test.Pages.BaseFlight <init>
INFO: properties loaded
Jul 02, 2021 1:06:35 AM com.test.Pages.BaseFlight <init>
INFO: properties loaded
Jul 02, 2021 1:06:35 AM com.test.Pages.BaseFlight <init>
INFO: properties loaded
Jul 02, 2021 1:06:35 AM com.test.Pages.BaseFlight <init>
INFO: properties loaded
Jul 02, 2021 1:06:35 AM com.test.Pages.BaseFlight <init>
INFO: properties loaded
Jul 02, 2021 1:06:35 AM com.test.Pages.BaseFlight <init>
INFO: properties loaded
Jul 02, 2021 1:06:35 AM com.test.Pages.BaseFlight <init>
INFO: properties loaded
Jul 02, 2021 1:06:35 AM com.test.Pages.BaseFlight <init>
INFO: properties loaded
Jul 02, 2021 1:06:35 AM com.test.Pages.BaseFlight <init>
INFO: properties loaded
Jul 02, 2021 1:06:35 AM com.test.Pages.BaseFlight <init>
INFO: properties loaded
Jul 02, 2021 1:06:35 AM com.test.Pages.BaseFlight <init>
INFO: properties loaded
]]></system-err>
  </testcase>
</testsuite>